Connecting to database specified by database.yml


Started GET "/" for 127.0.0.1 at 2012-10-30 13:52:53 -0700
Processing by HomeController#index as HTML
  Rendered home/index.html.erb within layouts/application (72.2ms)
Completed 500 Internal Server Error in 85ms

ActionView::Template::Error (Could not find table 'guidelines'):
    3:   <h2><%= t :register_to_vote_in_state %></h2>
    4:   <%= form_tag("", :method => "GET", :class => "form-inline") do %>
    5:     <%= label_tag t :select_a_state %>
    6:     <%= select_tag("state", options_for_select(Guidelines.all.collect {|s| [ s.name, s.state ] })) %>
    7:     <%= submit_tag (t :go).titleize, :class=> "btn btn-primary" %>
    8:   <% end %>
    9: </div>
  app/views/home/index.html.erb:6:in `block in _app_views_home_index_html_erb___360084897843460986_70224370932040'
  app/views/home/index.html.erb:4:in `_app_views_home_index_html_erb___360084897843460986_70224370932040'


  Rendered /Users/ewilliam/.rvm/gems/ruby-1.9.3-p194/gems/actionpack-3.2.8/lib/action_dispatch/middleware/templates/rescues/_trace.erb (1.7ms)
  Rendered /Users/ewilliam/.rvm/gems/ruby-1.9.3-p194/gems/actionpack-3.2.8/lib/action_dispatch/middleware/templates/rescues/_request_and_response.erb (1.2ms)
  Rendered /Users/ewilliam/.rvm/gems/ruby-1.9.3-p194/gems/actionpack-3.2.8/lib/action_dispatch/middleware/templates/rescues/template_error.erb within rescues/layout (11.1ms)


Started GET "/" for 127.0.0.1 at 2012-10-30 13:53:21 -0700
Processing by HomeController#index as HTML
  Rendered home/index.html.erb within layouts/application (1.8ms)
Completed 500 Internal Server Error in 5ms

ActionView::Template::Error (Could not find table 'guidelines'):
    3:   <h2><%= t :register_to_vote_in_state %></h2>
    4:   <%= form_tag("", :method => "GET", :class => "form-inline") do %>
    5:     <%= label_tag t :select_a_state %>
    6:     <%= select_tag("state", options_for_select(Guidelines.all.collect {|s| [ s.name, s.state ] })) %>
    7:     <%= submit_tag (t :go).titleize, :class=> "btn btn-primary" %>
    8:   <% end %>
    9: </div>
  app/views/home/index.html.erb:6:in `block in _app_views_home_index_html_erb___360084897843460986_70224370932040'
  app/views/home/index.html.erb:4:in `_app_views_home_index_html_erb___360084897843460986_70224370932040'


  Rendered /Users/ewilliam/.rvm/gems/ruby-1.9.3-p194/gems/actionpack-3.2.8/lib/action_dispatch/middleware/templates/rescues/_trace.erb (39.2ms)
  Rendered /Users/ewilliam/.rvm/gems/ruby-1.9.3-p194/gems/actionpack-3.2.8/lib/action_dispatch/middleware/templates/rescues/_request_and_response.erb (1.2ms)
  Rendered /Users/ewilliam/.rvm/gems/ruby-1.9.3-p194/gems/actionpack-3.2.8/lib/action_dispatch/middleware/templates/rescues/template_error.erb within rescues/layout (51.2ms)


Started GET "/" for 127.0.0.1 at 2012-10-30 13:53:22 -0700
Processing by HomeController#index as HTML
  Rendered home/index.html.erb within layouts/application (1.8ms)
Completed 500 Internal Server Error in 5ms

ActionView::Template::Error (Could not find table 'guidelines'):
    3:   <h2><%= t :register_to_vote_in_state %></h2>
    4:   <%= form_tag("", :method => "GET", :class => "form-inline") do %>
    5:     <%= label_tag t :select_a_state %>
    6:     <%= select_tag("state", options_for_select(Guidelines.all.collect {|s| [ s.name, s.state ] })) %>
    7:     <%= submit_tag (t :go).titleize, :class=> "btn btn-primary" %>
    8:   <% end %>
    9: </div>
  app/views/home/index.html.erb:6:in `block in _app_views_home_index_html_erb___360084897843460986_70224370932040'
  app/views/home/index.html.erb:4:in `_app_views_home_index_html_erb___360084897843460986_70224370932040'


  Rendered /Users/ewilliam/.rvm/gems/ruby-1.9.3-p194/gems/actionpack-3.2.8/lib/action_dispatch/middleware/templates/rescues/_trace.erb (1.7ms)
  Rendered /Users/ewilliam/.rvm/gems/ruby-1.9.3-p194/gems/actionpack-3.2.8/lib/action_dispatch/middleware/templates/rescues/_request_and_response.erb (1.1ms)
  Rendered /Users/ewilliam/.rvm/gems/ruby-1.9.3-p194/gems/actionpack-3.2.8/lib/action_dispatch/middleware/templates/rescues/template_error.erb within rescues/layout (11.1ms)
